{
  "timestamp": "2025-09-05T11:57:55.182Z",
  "duration": 1124,
  "summary": {
    "totalTests": 15,
    "passed": 8,
    "failed": 7,
    "passRate": 53,
    "overallStatus": "FAILED"
  },
  "environment": {
    "status": "OK",
    "details": "API Status: 401",
    "message": "API correctly rejecting unauthorized requests"
  },
  "authentication": {
    "Valid Login": {
      "status": "FAILED",
      "error": "Request failed with status code 401",
      "stack": "AxiosError: Request failed with status code 401\n    at settle (/Users/michaelyoussef/claude_projects/mould/MRC/test-suite/node_modules/axios/dist/node/axios.cjs:2090:12)\n    at IncomingMessage.handleStreamEnd (/Users/michaelyoussef/claude_projects/mould/MRC/test-suite/node_modules/axios/dist/node/axios.cjs:3207:11)\n    at IncomingMessage.emit (node:events:519:35)\n    at endReadableNT (node:internal/streams/readable:1696:12)\n    at process.processTicksAndRejections (node:internal/process/task_queues:90:21)\n    at Axios.request (/Users/michaelyoussef/claude_projects/mould/MRC/test-suite/node_modules/axios/dist/node/axios.cjs:4317:41)\n    at process.processTicksAndRejections (node:internal/process/task_queues:105:5)\n    at async MRCAPITestManager.testValidLogin (/Users/michaelyoussef/claude_projects/mould/MRC/test-suite/api-test-manager.js:139:22)\n    at async MRCAPITestManager.runAuthenticationTests (/Users/michaelyoussef/claude_projects/mould/MRC/test-suite/api-test-manager.js:116:24)\n    at async MRCAPITestManager.runAPITestSuite (/Users/michaelyoussef/claude_projects/mould/MRC/test-suite/api-test-manager.js:46:7)"
    },
    "Invalid Credentials": {
      "status": "PASSED",
      "duration": 211,
      "details": {
        "correctly_rejected": true,
        "status": 401
      }
    },
    "Token Validation": {
      "status": "FAILED",
      "error": "Request failed with status code 401",
      "stack": "AxiosError: Request failed with status code 401\n    at settle (/Users/michaelyoussef/claude_projects/mould/MRC/test-suite/node_modules/axios/dist/node/axios.cjs:2090:12)\n    at IncomingMessage.handleStreamEnd (/Users/michaelyoussef/claude_projects/mould/MRC/test-suite/node_modules/axios/dist/node/axios.cjs:3207:11)\n    at IncomingMessage.emit (node:events:519:35)\n    at endReadableNT (node:internal/streams/readable:1696:12)\n    at process.processTicksAndRejections (node:internal/process/task_queues:90:21)\n    at Axios.request (/Users/michaelyoussef/claude_projects/mould/MRC/test-suite/node_modules/axios/dist/node/axios.cjs:4317:41)\n    at process.processTicksAndRejections (node:internal/process/task_queues:105:5)\n    at async MRCAPITestManager.testTokenValidation (/Users/michaelyoussef/claude_projects/mould/MRC/test-suite/api-test-manager.js:183:27)\n    at async MRCAPITestManager.runAuthenticationTests (/Users/michaelyoussef/claude_projects/mould/MRC/test-suite/api-test-manager.js:116:24)\n    at async MRCAPITestManager.runAPITestSuite (/Users/michaelyoussef/claude_projects/mould/MRC/test-suite/api-test-manager.js:46:7)"
    },
    "Profile Access": {
      "status": "FAILED",
      "error": "Request failed with status code 401",
      "stack": "AxiosError: Request failed with status code 401\n    at settle (/Users/michaelyoussef/claude_projects/mould/MRC/test-suite/node_modules/axios/dist/node/axios.cjs:2090:12)\n    at IncomingMessage.handleStreamEnd (/Users/michaelyoussef/claude_projects/mould/MRC/test-suite/node_modules/axios/dist/node/axios.cjs:3207:11)\n    at IncomingMessage.emit (node:events:519:35)\n    at endReadableNT (node:internal/streams/readable:1696:12)\n    at process.processTicksAndRejections (node:internal/process/task_queues:90:21)\n    at Axios.request (/Users/michaelyoussef/claude_projects/mould/MRC/test-suite/node_modules/axios/dist/node/axios.cjs:4317:41)\n    at process.processTicksAndRejections (node:internal/process/task_queues:105:5)\n    at async MRCAPITestManager.testProfileAccess (/Users/michaelyoussef/claude_projects/mould/MRC/test-suite/api-test-manager.js:218:27)\n    at async MRCAPITestManager.runAuthenticationTests (/Users/michaelyoussef/claude_projects/mould/MRC/test-suite/api-test-manager.js:116:24)\n    at async MRCAPITestManager.runAPITestSuite (/Users/michaelyoussef/claude_projects/mould/MRC/test-suite/api-test-manager.js:46:7)"
    },
    "Profile Update": {
      "status": "FAILED",
      "error": "Request failed with status code 401",
      "stack": "AxiosError: Request failed with status code 401\n    at settle (/Users/michaelyoussef/claude_projects/mould/MRC/test-suite/node_modules/axios/dist/node/axios.cjs:2090:12)\n    at IncomingMessage.handleStreamEnd (/Users/michaelyoussef/claude_projects/mould/MRC/test-suite/node_modules/axios/dist/node/axios.cjs:3207:11)\n    at IncomingMessage.emit (node:events:519:35)\n    at endReadableNT (node:internal/streams/readable:1696:12)\n    at process.processTicksAndRejections (node:internal/process/task_queues:90:21)\n    at Axios.request (/Users/michaelyoussef/claude_projects/mould/MRC/test-suite/node_modules/axios/dist/node/axios.cjs:4317:41)\n    at process.processTicksAndRejections (node:internal/process/task_queues:105:5)\n    at async MRCAPITestManager.testProfileUpdate (/Users/michaelyoussef/claude_projects/mould/MRC/test-suite/api-test-manager.js:246:27)\n    at async MRCAPITestManager.runAuthenticationTests (/Users/michaelyoussef/claude_projects/mould/MRC/test-suite/api-test-manager.js:116:24)\n    at async MRCAPITestManager.runAPITestSuite (/Users/michaelyoussef/claude_projects/mould/MRC/test-suite/api-test-manager.js:46:7)"
    },
    "Add Technician": {
      "status": "FAILED",
      "error": "Request failed with status code 429",
      "stack": "AxiosError: Request failed with status code 429\n    at settle (/Users/michaelyoussef/claude_projects/mould/MRC/test-suite/node_modules/axios/dist/node/axios.cjs:2090:12)\n    at IncomingMessage.handleStreamEnd (/Users/michaelyoussef/claude_projects/mould/MRC/test-suite/node_modules/axios/dist/node/axios.cjs:3207:11)\n    at IncomingMessage.emit (node:events:519:35)\n    at endReadableNT (node:internal/streams/readable:1696:12)\n    at process.processTicksAndRejections (node:internal/process/task_queues:90:21)\n    at Axios.request (/Users/michaelyoussef/claude_projects/mould/MRC/test-suite/node_modules/axios/dist/node/axios.cjs:4317:41)\n    at process.processTicksAndRejections (node:internal/process/task_queues:105:5)\n    at async MRCAPITestManager.testAddTechnician (/Users/michaelyoussef/claude_projects/mould/MRC/test-suite/api-test-manager.js:291:27)\n    at async MRCAPITestManager.runAuthenticationTests (/Users/michaelyoussef/claude_projects/mould/MRC/test-suite/api-test-manager.js:116:24)\n    at async MRCAPITestManager.runAPITestSuite (/Users/michaelyoussef/claude_projects/mould/MRC/test-suite/api-test-manager.js:46:7)"
    },
    "Password Change": {
      "status": "FAILED",
      "error": "Request failed with status code 429",
      "stack": "AxiosError: Request failed with status code 429\n    at settle (/Users/michaelyoussef/claude_projects/mould/MRC/test-suite/node_modules/axios/dist/node/axios.cjs:2090:12)\n    at IncomingMessage.handleStreamEnd (/Users/michaelyoussef/claude_projects/mould/MRC/test-suite/node_modules/axios/dist/node/axios.cjs:3207:11)\n    at IncomingMessage.emit (node:events:519:35)\n    at endReadableNT (node:internal/streams/readable:1696:12)\n    at process.processTicksAndRejections (node:internal/process/task_queues:90:21)\n    at Axios.request (/Users/michaelyoussef/claude_projects/mould/MRC/test-suite/node_modules/axios/dist/node/axios.cjs:4317:41)\n    at process.processTicksAndRejections (node:internal/process/task_queues:105:5)\n    at async MRCAPITestManager.testPasswordChange (/Users/michaelyoussef/claude_projects/mould/MRC/test-suite/api-test-manager.js:322:27)\n    at async MRCAPITestManager.runAuthenticationTests (/Users/michaelyoussef/claude_projects/mould/MRC/test-suite/api-test-manager.js:116:24)\n    at async MRCAPITestManager.runAPITestSuite (/Users/michaelyoussef/claude_projects/mould/MRC/test-suite/api-test-manager.js:46:7)"
    }
  },
  "security": {
    "SQL Injection Protection": {
      "status": "PASSED",
      "details": {
        "sqlInjectionProtected": true
      }
    },
    "XSS Protection": {
      "status": "PASSED",
      "details": {
        "xssProtected": true
      }
    },
    "Authentication Bypass": {
      "status": "PASSED",
      "details": {
        "authBypassProtected": true
      }
    },
    "Token Security": {
      "status": "PASSED",
      "details": {
        "tokenSecurityVerified": true
      }
    },
    "Input Validation": {
      "status": "PASSED",
      "details": {
        "inputValidationWorking": true
      }
    }
  },
  "performance": {
    "Login Performance": {
      "status": "FAILED",
      "error": "Request failed with status code 429"
    },
    "API Response Times": {
      "status": "PASSED",
      "metrics": {}
    },
    "Concurrent Requests": {
      "status": "PASSED",
      "metrics": {
        "concurrentRequests": 5,
        "successfulRequests": 0,
        "failedRequests": 5,
        "totalTime": 4,
        "averageTime": 1,
        "successRate": 0
      }
    }
  },
  "recommendations": [
    {
      "category": "Authentication",
      "severity": "HIGH",
      "issue": "Valid Login test failed",
      "recommendation": "Fix Valid Login: Request failed with status code 401",
      "details": "AxiosError: Request failed with status code 401\n    at settle (/Users/michaelyoussef/claude_projects/mould/MRC/test-suite/node_modules/axios/dist/node/axios.cjs:2090:12)\n    at IncomingMessage.handleStreamEnd (/Users/michaelyoussef/claude_projects/mould/MRC/test-suite/node_modules/axios/dist/node/axios.cjs:3207:11)\n    at IncomingMessage.emit (node:events:519:35)\n    at endReadableNT (node:internal/streams/readable:1696:12)\n    at process.processTicksAndRejections (node:internal/process/task_queues:90:21)\n    at Axios.request (/Users/michaelyoussef/claude_projects/mould/MRC/test-suite/node_modules/axios/dist/node/axios.cjs:4317:41)\n    at process.processTicksAndRejections (node:internal/process/task_queues:105:5)\n    at async MRCAPITestManager.testValidLogin (/Users/michaelyoussef/claude_projects/mould/MRC/test-suite/api-test-manager.js:139:22)\n    at async MRCAPITestManager.runAuthenticationTests (/Users/michaelyoussef/claude_projects/mould/MRC/test-suite/api-test-manager.js:116:24)\n    at async MRCAPITestManager.runAPITestSuite (/Users/michaelyoussef/claude_projects/mould/MRC/test-suite/api-test-manager.js:46:7)"
    },
    {
      "category": "Authentication",
      "severity": "HIGH",
      "issue": "Token Validation test failed",
      "recommendation": "Fix Token Validation: Request failed with status code 401",
      "details": "AxiosError: Request failed with status code 401\n    at settle (/Users/michaelyoussef/claude_projects/mould/MRC/test-suite/node_modules/axios/dist/node/axios.cjs:2090:12)\n    at IncomingMessage.handleStreamEnd (/Users/michaelyoussef/claude_projects/mould/MRC/test-suite/node_modules/axios/dist/node/axios.cjs:3207:11)\n    at IncomingMessage.emit (node:events:519:35)\n    at endReadableNT (node:internal/streams/readable:1696:12)\n    at process.processTicksAndRejections (node:internal/process/task_queues:90:21)\n    at Axios.request (/Users/michaelyoussef/claude_projects/mould/MRC/test-suite/node_modules/axios/dist/node/axios.cjs:4317:41)\n    at process.processTicksAndRejections (node:internal/process/task_queues:105:5)\n    at async MRCAPITestManager.testTokenValidation (/Users/michaelyoussef/claude_projects/mould/MRC/test-suite/api-test-manager.js:183:27)\n    at async MRCAPITestManager.runAuthenticationTests (/Users/michaelyoussef/claude_projects/mould/MRC/test-suite/api-test-manager.js:116:24)\n    at async MRCAPITestManager.runAPITestSuite (/Users/michaelyoussef/claude_projects/mould/MRC/test-suite/api-test-manager.js:46:7)"
    },
    {
      "category": "Authentication",
      "severity": "HIGH",
      "issue": "Profile Access test failed",
      "recommendation": "Fix Profile Access: Request failed with status code 401",
      "details": "AxiosError: Request failed with status code 401\n    at settle (/Users/michaelyoussef/claude_projects/mould/MRC/test-suite/node_modules/axios/dist/node/axios.cjs:2090:12)\n    at IncomingMessage.handleStreamEnd (/Users/michaelyoussef/claude_projects/mould/MRC/test-suite/node_modules/axios/dist/node/axios.cjs:3207:11)\n    at IncomingMessage.emit (node:events:519:35)\n    at endReadableNT (node:internal/streams/readable:1696:12)\n    at process.processTicksAndRejections (node:internal/process/task_queues:90:21)\n    at Axios.request (/Users/michaelyoussef/claude_projects/mould/MRC/test-suite/node_modules/axios/dist/node/axios.cjs:4317:41)\n    at process.processTicksAndRejections (node:internal/process/task_queues:105:5)\n    at async MRCAPITestManager.testProfileAccess (/Users/michaelyoussef/claude_projects/mould/MRC/test-suite/api-test-manager.js:218:27)\n    at async MRCAPITestManager.runAuthenticationTests (/Users/michaelyoussef/claude_projects/mould/MRC/test-suite/api-test-manager.js:116:24)\n    at async MRCAPITestManager.runAPITestSuite (/Users/michaelyoussef/claude_projects/mould/MRC/test-suite/api-test-manager.js:46:7)"
    },
    {
      "category": "Authentication",
      "severity": "HIGH",
      "issue": "Profile Update test failed",
      "recommendation": "Fix Profile Update: Request failed with status code 401",
      "details": "AxiosError: Request failed with status code 401\n    at settle (/Users/michaelyoussef/claude_projects/mould/MRC/test-suite/node_modules/axios/dist/node/axios.cjs:2090:12)\n    at IncomingMessage.handleStreamEnd (/Users/michaelyoussef/claude_projects/mould/MRC/test-suite/node_modules/axios/dist/node/axios.cjs:3207:11)\n    at IncomingMessage.emit (node:events:519:35)\n    at endReadableNT (node:internal/streams/readable:1696:12)\n    at process.processTicksAndRejections (node:internal/process/task_queues:90:21)\n    at Axios.request (/Users/michaelyoussef/claude_projects/mould/MRC/test-suite/node_modules/axios/dist/node/axios.cjs:4317:41)\n    at process.processTicksAndRejections (node:internal/process/task_queues:105:5)\n    at async MRCAPITestManager.testProfileUpdate (/Users/michaelyoussef/claude_projects/mould/MRC/test-suite/api-test-manager.js:246:27)\n    at async MRCAPITestManager.runAuthenticationTests (/Users/michaelyoussef/claude_projects/mould/MRC/test-suite/api-test-manager.js:116:24)\n    at async MRCAPITestManager.runAPITestSuite (/Users/michaelyoussef/claude_projects/mould/MRC/test-suite/api-test-manager.js:46:7)"
    },
    {
      "category": "Authentication",
      "severity": "HIGH",
      "issue": "Add Technician test failed",
      "recommendation": "Fix Add Technician: Request failed with status code 429",
      "details": "AxiosError: Request failed with status code 429\n    at settle (/Users/michaelyoussef/claude_projects/mould/MRC/test-suite/node_modules/axios/dist/node/axios.cjs:2090:12)\n    at IncomingMessage.handleStreamEnd (/Users/michaelyoussef/claude_projects/mould/MRC/test-suite/node_modules/axios/dist/node/axios.cjs:3207:11)\n    at IncomingMessage.emit (node:events:519:35)\n    at endReadableNT (node:internal/streams/readable:1696:12)\n    at process.processTicksAndRejections (node:internal/process/task_queues:90:21)\n    at Axios.request (/Users/michaelyoussef/claude_projects/mould/MRC/test-suite/node_modules/axios/dist/node/axios.cjs:4317:41)\n    at process.processTicksAndRejections (node:internal/process/task_queues:105:5)\n    at async MRCAPITestManager.testAddTechnician (/Users/michaelyoussef/claude_projects/mould/MRC/test-suite/api-test-manager.js:291:27)\n    at async MRCAPITestManager.runAuthenticationTests (/Users/michaelyoussef/claude_projects/mould/MRC/test-suite/api-test-manager.js:116:24)\n    at async MRCAPITestManager.runAPITestSuite (/Users/michaelyoussef/claude_projects/mould/MRC/test-suite/api-test-manager.js:46:7)"
    },
    {
      "category": "Authentication",
      "severity": "HIGH",
      "issue": "Password Change test failed",
      "recommendation": "Fix Password Change: Request failed with status code 429",
      "details": "AxiosError: Request failed with status code 429\n    at settle (/Users/michaelyoussef/claude_projects/mould/MRC/test-suite/node_modules/axios/dist/node/axios.cjs:2090:12)\n    at IncomingMessage.handleStreamEnd (/Users/michaelyoussef/claude_projects/mould/MRC/test-suite/node_modules/axios/dist/node/axios.cjs:3207:11)\n    at IncomingMessage.emit (node:events:519:35)\n    at endReadableNT (node:internal/streams/readable:1696:12)\n    at process.processTicksAndRejections (node:internal/process/task_queues:90:21)\n    at Axios.request (/Users/michaelyoussef/claude_projects/mould/MRC/test-suite/node_modules/axios/dist/node/axios.cjs:4317:41)\n    at process.processTicksAndRejections (node:internal/process/task_queues:105:5)\n    at async MRCAPITestManager.testPasswordChange (/Users/michaelyoussef/claude_projects/mould/MRC/test-suite/api-test-manager.js:322:27)\n    at async MRCAPITestManager.runAuthenticationTests (/Users/michaelyoussef/claude_projects/mould/MRC/test-suite/api-test-manager.js:116:24)\n    at async MRCAPITestManager.runAPITestSuite (/Users/michaelyoussef/claude_projects/mould/MRC/test-suite/api-test-manager.js:46:7)"
    },
    {
      "category": "Performance",
      "severity": "MEDIUM",
      "issue": "Login Performance test failed",
      "recommendation": "Fix Login Performance: Request failed with status code 429"
    }
  ]
}